<?xml version="1.0" encoding="UTF-8"?>
<!-- Generated by org.testng.reporters.JUnitXMLReporter -->
<testsuite ignored="0" hostname="Komalas-MBP.hsd1.il.comcast.net" failures="1" tests="9" name="firefoxtest" time="97.581" errors="0" timestamp="2023-12-08T12:59:18 CST">
  <testcase classname="Tests.Base" name="invalid" time="3.384">
    <failure type="java.lang.AssertionError" message="expected [You are logged in] but found [Invalid Username and Password]">
      <![CDATA[java.lang.AssertionError: expected [You are logged in] but found [Invalid Username and Password]
at pageobjects.LoginPage.invalidloginfn(LoginPage.java:67)
at Tests.Base.invalid(Base.java:81)
at java.base/java.util.ArrayList.forEach(ArrayList.java:1511)
... Removed 33 stack frames]]>
    </failure>
  </testcase> <!-- invalid -->
  <testcase classname="Tests.Base" name="register" time="1.81"/>
  <testcase classname="Tests.Base" name="datastructure" time="4.667"/>
  <testcase classname="Tests.Base" name="array" time="10.608"/>
  <testcase classname="Tests.Base" name="Graph" time="5.566"/>
  <testcase classname="Tests.Base" name="Stack" time="8.742"/>
  <testcase classname="Tests.Base" name="Queue" time="9.643"/>
  <testcase classname="Tests.Base" name="LinkedList" time="16.22"/>
  <testcase classname="Tests.Base" name="Tree" time="28.048"/>
</testsuite> <!-- firefoxtest -->
